[07:38:41] [ServerMain/INFO]: Environment: authHost='https://authserver.mojang.com', accountsHost='https://api.mojang.com', sessionHost='https://sessionserver.mojang.com', servicesHost='https://api.minecraftservices.com', name='PROD'
[07:38:42] [ServerMain/INFO]: Found new data pack file/bukkit, loading it automatically
[07:39:02] [Worker-Main-2/INFO]: Loaded 7 recipes
[07:39:19] [Server thread/INFO]: Starting minecraft server version 1.18.2
[07:39:19] [Server thread/WARN]: To start the server with more ram, launch it as "java -Xmx1024M -Xms1024M -jar minecraft_server.jar"
[07:39:19] [Server thread/INFO]: Loading properties
[07:39:21] [Server thread/INFO]: This server is running CraftBukkit version 3477-Spigot-ffceeae-a459f4d (MC: 1.18.2) (Implementing API version 1.18.2-R0.1-SNAPSHOT)
[07:39:21] [Server thread/INFO]: Debug logging is disabled
[07:39:21] [Server thread/INFO]: Server Ping Player Sample Count: 12
[07:39:21] [Server thread/INFO]: Using 4 threads for Netty based IO
[07:39:22] [Server thread/INFO]: Default game type: SURVIVAL
[07:39:22] [Server thread/INFO]: Generating keypair
[07:39:24] [Server thread/INFO]: Starting Minecraft server on *:25565
[07:39:25] [Server thread/INFO]: Using epoll channel type
[07:39:27] [Server thread/INFO]: Preparing level "world"
[07:39:32] [Server thread/INFO]: -------- World Settings For [world] --------
[07:39:32] [Server thread/INFO]: Entity Activation Range: An 32 / Mo 32 / Ra 48 / Mi 16 / Tiv true / Isa false
[07:39:32] [Server thread/INFO]: Entity Tracking Range: Pl 48 / An 48 / Mo 48 / Mi 32 / Other 64
[07:39:32] [Server thread/INFO]: Hopper Transfer: 8 Hopper Check: 1 Hopper Amount: 1
[07:39:32] [Server thread/INFO]: Custom Map Seeds:  Village: 10387312 Desert: 14357617 Igloo: 14357618 Jungle: 14357619 Swamp: 14357620 Monument: 10387313 Ocean: 14357621 Shipwreck: 165745295 End City: 10387313 Slime: 987234911 Nether: 30084232 Mansion: 10387319 Fossil: 14357921 Portal: 34222645
[07:39:32] [Server thread/INFO]: Cactus Growth Modifier: 100%
[07:39:32] [Server thread/INFO]: Cane Growth Modifier: 100%
[07:39:32] [Server thread/INFO]: Melon Growth Modifier: 100%
[07:39:32] [Server thread/INFO]: Mushroom Growth Modifier: 100%
[07:39:32] [Server thread/INFO]: Pumpkin Growth Modifier: 100%
[07:39:32] [Server thread/INFO]: Sapling Growth Modifier: 100%
[07:39:32] [Server thread/INFO]: Beetroot Growth Modifier: 100%
[07:39:32] [Server thread/INFO]: Carrot Growth Modifier: 100%
[07:39:32] [Server thread/INFO]: Potato Growth Modifier: 100%
[07:39:32] [Server thread/INFO]: Wheat Growth Modifier: 100%
[07:39:32] [Server thread/INFO]: NetherWart Growth Modifier: 100%
[07:39:32] [Server thread/INFO]: Vine Growth Modifier: 100%
[07:39:32] [Server thread/INFO]: Cocoa Growth Modifier: 100%
[07:39:32] [Server thread/INFO]: Bamboo Growth Modifier: 100%
[07:39:32] [Server thread/INFO]: SweetBerry Growth Modifier: 100%
[07:39:32] [Server thread/INFO]: Kelp Growth Modifier: 100%
[07:39:32] [Server thread/INFO]: Experience Merge Radius: 3.0
[07:39:32] [Server thread/INFO]: Mob Spawn Range: 6
[07:39:32] [Server thread/INFO]: Max TNT Explosions: 100
[07:39:32] [Server thread/INFO]: Tile Max Tick Time: 50ms Entity max Tick Time: 50ms
[07:39:32] [Server thread/INFO]: Item Despawn Rate: 6000
[07:39:32] [Server thread/INFO]: Item Merge Radius: 2.5
[07:39:32] [Server thread/INFO]: View Distance: 10
[07:39:32] [Server thread/INFO]: Simulation Distance: 10
[07:39:32] [Server thread/INFO]: Allow Zombie Pigmen to spawn from portal blocks: true
[07:39:32] [Server thread/INFO]: Arrow Despawn Rate: 1200 Trident Respawn Rate:1200
[07:39:32] [Server thread/INFO]: Zombie Aggressive Towards Villager: true
[07:39:32] [Server thread/INFO]: Nerfing mobs spawned from spawners: false
